# JRE version: OpenJDK Runtime Environment (11.0.8+10) (build 11.0.8+10-b944.6842174)
# Java VM: OpenJDK 64-Bit Server VM (11.0.8+10-b944.6842174, mixed mode, tiered, compressed oops, g1 gc, windows-amd64)
Heap:
 garbage-first heap   total 196608K, used 118219K [0x00000000a0000000, 0x0000000100000000)
  region size 1024K, 40 young (40960K), 7 survivors (7168K)
 Metaspace       used 83723K, capacity 85989K, committed 86092K, reserved 1124352K
  class space    used 10511K, capacity 11306K, committed 11392K, reserved 1048576K
GC Heap History (20 events):
Event: 10.544 GC heap before
{Heap before GC invocations=10 (full 0):
 garbage-first heap   total 196608K, used 122105K [0x00000000a0000000, 0x0000000100000000)
  region size 1024K, 96 young (98304K), 13 survivors (13312K)
 Metaspace       used 58695K, capacity 60045K, committed 60160K, reserved 1101824K
  class space    used 7415K, capacity 7930K, committed 7936K, reserved 1048576K
}
Event: 10.575 GC heap after
{Heap after GC invocations=11 (full 0):
 garbage-first heap   total 196608K, used 45392K [0x00000000a0000000, 0x0000000100000000)
  region size 1024K, 7 young (7168K), 7 survivors (7168K)
 Metaspace       used 58695K, capacity 60045K, committed 60160K, reserved 1101824K
  class space    used 7415K, capacity 7930K, committed 7936K, reserved 1048576K
}
Event: 11.998 GC heap before
{Heap before GC invocations=12 (full 0):
 garbage-first heap   total 196608K, used 138576K [0x00000000a0000000, 0x0000000100000000)
  region size 1024K, 98 young (100352K), 7 survivors (7168K)
 Metaspace       used 65020K, capacity 66547K, committed 66636K, reserved 1107968K
  class space    used 8453K, capacity 9025K, committed 9088K, reserved 1048576K
}
Event: 12.015 GC heap after
{Heap after GC invocations=13 (full 0):
 garbage-first heap   total 196608K, used 52048K [0x00000000a0000000, 0x0000000100000000)
  region size 1024K, 13 young (13312K), 13 survivors (13312K)
 Metaspace       used 65020K, capacity 66547K, committed 66636K, reserved 1107968K
  class space    used 8453K, capacity 9025K, committed 9088K, reserved 1048576K
}
Event: 13.778 GC heap before
{Heap before GC invocations=13 (full 0):
 garbage-first heap   total 196608K, used 144208K [0x00000000a0000000, 0x0000000100000000)
  region size 1024K, 103 young (105472K), 13 survivors (13312K)
 Metaspace       used 74364K, capacity 76152K, committed 76236K, reserved 1116160K
  class space    used 9737K, capacity 10418K, committed 10496K, reserved 1048576K
}
Event: 13.803 GC heap after
{Heap after GC invocations=14 (full 0):
 garbage-first heap   total 196608K, used 58697K [0x00000000a0000000, 0x0000000100000000)
  region size 1024K, 7 young (7168K), 7 survivors (7168K)
 Metaspace       used 74364K, capacity 76152K, committed 76236K, reserved 1116160K
  class space    used 9737K, capacity 10418K, committed 10496K, reserved 1048576K
}
Event: 16.192 GC heap before
{Heap before GC invocations=14 (full 0):
 garbage-first heap   total 196608K, used 148809K [0x00000000a0000000, 0x0000000100000000)
  region size 1024K, 96 young (98304K), 7 survivors (7168K)
 Metaspace       used 76880K, capacity 78746K, committed 78796K, reserved 1118208K
  class space    used 10014K, capacity 10712K, committed 10752K, reserved 1048576K
}
Event: 16.214 GC heap after
{Heap after GC invocations=15 (full 0):
 garbage-first heap   total 196608K, used 63817K [0x00000000a0000000, 0x0000000100000000)
  region size 1024K, 12 young (12288K), 12 survivors (12288K)
 Metaspace       used 76880K, capacity 78746K, committed 78796K, reserved 1118208K
  class space    used 10014K, capacity 10712K, committed 10752K, reserved 1048576K
}
Event: 18.635 GC heap before
{Heap before GC invocations=15 (full 0):
 garbage-first heap   total 196608K, used 151881K [0x00000000a0000000, 0x0000000100000000)
  region size 1024K, 99 young (101376K), 12 survivors (12288K)
 Metaspace       used 77622K, capacity 79555K, committed 79692K, reserved 1118208K
  class space    used 10078K, capacity 10770K, committed 10880K, reserved 1048576K
}
Event: 18.664 GC heap after
{Heap after GC invocations=16 (full 0):
 garbage-first heap   total 196608K, used 68855K [0x00000000a0000000, 0x0000000100000000)
  region size 1024K, 11 young (11264K), 11 survivors (11264K)
 Metaspace       used 77622K, capacity 79555K, committed 79692K, reserved 1118208K
  class space    used 10078K, capacity 10770K, committed 10880K, reserved 1048576K
}
Event: 173.188 GC heap before
{Heap before GC invocations=16 (full 0):
 garbage-first heap   total 196608K, used 154871K [0x00000000a0000000, 0x0000000100000000)
  region size 1024K, 96 young (98304K), 11 survivors (11264K)
 Metaspace       used 81195K, capacity 83209K, committed 83276K, reserved 1122304K
  class space    used 10356K, capacity 11082K, committed 11136K, reserved 1048576K
}
Event: 173.230 GC heap after
{Heap after GC invocations=17 (full 0):
 garbage-first heap   total 196608K, used 69339K [0x00000000a0000000, 0x0000000100000000)
  region size 1024K, 6 young (6144K), 6 survivors (6144K)
 Metaspace       used 81195K, capacity 83209K, committed 83276K, reserved 1122304K
  class space    used 10356K, capacity 11082K, committed 11136K, reserved 1048576K
}
Event: 175.960 GC heap before
{Heap before GC invocations=17 (full 0):
 garbage-first heap   total 196608K, used 157403K [0x00000000a0000000, 0x0000000100000000)
  region size 1024K, 93 young (95232K), 6 survivors (6144K)
 Metaspace       used 82019K, capacity 84018K, committed 84300K, reserved 1122304K
  class space    used 10370K, capacity 11105K, committed 11136K, reserved 1048576K
}
Event: 175.976 GC heap after
{Heap after GC invocations=18 (full 0):
 garbage-first heap   total 196608K, used 74815K [0x00000000a0000000, 0x0000000100000000)
  region size 1024K, 12 young (12288K), 12 survivors (12288K)
 Metaspace       used 82019K, capacity 84018K, committed 84300K, reserved 1122304K
  class space    used 10370K, capacity 11105K, committed 11136K, reserved 1048576K
}
Event: 177.363 GC heap before
{Heap before GC invocations=18 (full 0):
 garbage-first heap   total 196608K, used 158783K [0x00000000a0000000, 0x0000000100000000)
  region size 1024K, 95 young (97280K), 12 survivors (12288K)
 Metaspace       used 82136K, capacity 84222K, committed 84300K, reserved 1122304K
  class space    used 10371K, capacity 11107K, committed 11136K, reserved 1048576K
}
Event: 177.378 GC heap after
{Heap after GC invocations=19 (full 0):
 garbage-first heap   total 196608K, used 76145K [0x00000000a0000000, 0x0000000100000000)
  region size 1024K, 7 young (7168K), 7 survivors (7168K)
 Metaspace       used 82136K, capacity 84222K, committed 84300K, reserved 1122304K
  class space    used 10371K, capacity 11107K, committed 11136K, reserved 1048576K
}
Event: 373.698 GC heap before
{Heap before GC invocations=19 (full 0):
 garbage-first heap   total 196608K, used 161137K [0x00000000a0000000, 0x0000000100000000)
  region size 1024K, 91 young (93184K), 7 survivors (7168K)
 Metaspace       used 82717K, capacity 84714K, committed 84812K, reserved 1122304K
  class space    used 10384K, capacity 11126K, committed 11136K, reserved 1048576K
}
Event: 373.708 GC heap after
{Heap after GC invocations=20 (full 0):
 garbage-first heap   total 196608K, used 75935K [0x00000000a0000000, 0x0000000100000000)
  region size 1024K, 6 young (6144K), 6 survivors (6144K)
 Metaspace       used 82717K, capacity 84714K, committed 84812K, reserved 1122304K
  class space    used 10384K, capacity 11126K, committed 11136K, reserved 1048576K
}
Event: 374.969 GC heap before
{Heap before GC invocations=20 (full 0):
 garbage-first heap   total 196608K, used 159903K [0x00000000a0000000, 0x0000000100000000)
  region size 1024K, 89 young (91136K), 6 survivors (6144K)
 Metaspace       used 82815K, capacity 84866K, committed 85068K, reserved 1124352K
  class space    used 10388K, capacity 11132K, committed 11136K, reserved 1048576K
}
Event: 374.979 GC heap after
{Heap after GC invocations=21 (full 0):
 garbage-first heap   total 196608K, used 77259K [0x00000000a0000000, 0x0000000100000000)
  region size 1024K, 7 young (7168K), 7 survivors (7168K)
 Metaspace       used 82815K, capacity 84866K, committed 85068K, reserved 1124352K
  class space    used 10388K, capacity 11132K, committed 11136K, reserved 1048576K
}

