# JRE version: OpenJDK Runtime Environment (11.0.8+10) (build 11.0.8+10-b944.6842174)
# Java VM: OpenJDK 64-Bit Server VM (11.0.8+10-b944.6842174, mixed mode, tiered, compressed oops, g1 gc, windows-amd64)
Heap:
 garbage-first heap   total 236544K, used 70296K [0x00000000a0000000, 0x0000000100000000)
  region size 1024K, 18 young (18432K), 11 survivors (11264K)
 Metaspace       used 56447K, capacity 58025K, committed 58184K, reserved 1099776K
  class space    used 7194K, capacity 7749K, committed 7832K, reserved 1048576K
GC Heap History (20 events):
Event: 0.519 GC heap before
{Heap before GC invocations=0 (full 0):
 garbage-first heap   total 196608K, used 19456K [0x00000000a0000000, 0x0000000100000000)
  region size 1024K, 14 young (14336K), 0 survivors (0K)
 Metaspace       used 7397K, capacity 7571K, committed 7680K, reserved 1056768K
  class space    used 666K, capacity 716K, committed 768K, reserved 1048576K
}
Event: 0.523 GC heap after
{Heap after GC invocations=1 (full 0):
 garbage-first heap   total 196608K, used 8302K [0x00000000a0000000, 0x0000000100000000)
  region size 1024K, 2 young (2048K), 2 survivors (2048K)
 Metaspace       used 7397K, capacity 7571K, committed 7680K, reserved 1056768K
  class space    used 666K, capacity 716K, committed 768K, reserved 1048576K
}
Event: 0.827 GC heap before
{Heap before GC invocations=1 (full 0):
 garbage-first heap   total 196608K, used 20590K [0x00000000a0000000, 0x0000000100000000)
  region size 1024K, 14 young (14336K), 2 survivors (2048K)
 Metaspace       used 10499K, capacity 10696K, committed 11008K, reserved 1058816K
  class space    used 1103K, capacity 1164K, committed 1280K, reserved 1048576K
}
Event: 0.830 GC heap after
{Heap after GC invocations=2 (full 0):
 garbage-first heap   total 196608K, used 8916K [0x00000000a0000000, 0x0000000100000000)
  region size 1024K, 1 young (1024K), 1 survivors (1024K)
 Metaspace       used 10499K, capacity 10696K, committed 11008K, reserved 1058816K
  class space    used 1103K, capacity 1164K, committed 1280K, reserved 1048576K
}
Event: 1.184 GC heap before
{Heap before GC invocations=2 (full 0):
 garbage-first heap   total 196608K, used 38612K [0x00000000a0000000, 0x0000000100000000)
  region size 1024K, 31 young (31744K), 1 survivors (1024K)
 Metaspace       used 10670K, capacity 10889K, committed 11008K, reserved 1058816K
  class space    used 1105K, capacity 1164K, committed 1280K, reserved 1048576K
}
Event: 1.189 GC heap after
{Heap after GC invocations=3 (full 0):
 garbage-first heap   total 196608K, used 13248K [0x00000000a0000000, 0x0000000100000000)
  region size 1024K, 4 young (4096K), 4 survivors (4096K)
 Metaspace       used 10670K, capacity 10889K, committed 11008K, reserved 1058816K
  class space    used 1105K, capacity 1164K, committed 1280K, reserved 1048576K
}
Event: 2.890 GC heap before
{Heap before GC invocations=3 (full 0):
 garbage-first heap   total 196608K, used 57280K [0x00000000a0000000, 0x0000000100000000)
  region size 1024K, 47 young (48128K), 4 survivors (4096K)
 Metaspace       used 19064K, capacity 19519K, committed 19712K, reserved 1067008K
  class space    used 2304K, capacity 2467K, committed 2560K, reserved 1048576K
}
Event: 2.897 GC heap after
{Heap after GC invocations=4 (full 0):
 garbage-first heap   total 196608K, used 16203K [0x00000000a0000000, 0x0000000100000000)
  region size 1024K, 3 young (3072K), 3 survivors (3072K)
 Metaspace       used 19064K, capacity 19519K, committed 19712K, reserved 1067008K
  class space    used 2304K, capacity 2467K, committed 2560K, reserved 1048576K
}
Event: 3.048 GC heap before
{Heap before GC invocations=4 (full 0):
 garbage-first heap   total 196608K, used 26443K [0x00000000a0000000, 0x0000000100000000)
  region size 1024K, 14 young (14336K), 3 survivors (3072K)
 Metaspace       used 20603K, capacity 21127K, committed 21296K, reserved 1069056K
  class space    used 2516K, capacity 2688K, committed 2688K, reserved 1048576K
}
Event: 3.053 GC heap after
{Heap after GC invocations=5 (full 0):
 garbage-first heap   total 196608K, used 16586K [0x00000000a0000000, 0x0000000100000000)
  region size 1024K, 4 young (4096K), 4 survivors (4096K)
 Metaspace       used 20603K, capacity 21127K, committed 21296K, reserved 1069056K
  class space    used 2516K, capacity 2688K, committed 2688K, reserved 1048576K
}
Event: 3.795 GC heap before
{Heap before GC invocations=6 (full 0):
 garbage-first heap   total 196608K, used 81098K [0x00000000a0000000, 0x0000000100000000)
  region size 1024K, 59 young (60416K), 4 survivors (4096K)
 Metaspace       used 26274K, capacity 27053K, committed 27184K, reserved 1073152K
  class space    used 3430K, capacity 3688K, committed 3712K, reserved 1048576K
}
Event: 3.807 GC heap after
{Heap after GC invocations=7 (full 0):
 garbage-first heap   total 196608K, used 30712K [0x00000000a0000000, 0x0000000100000000)
  region size 1024K, 8 young (8192K), 8 survivors (8192K)
 Metaspace       used 26274K, capacity 27053K, committed 27184K, reserved 1073152K
  class space    used 3430K, capacity 3688K, committed 3712K, reserved 1048576K
}
Event: 4.665 GC heap before
{Heap before GC invocations=7 (full 0):
 garbage-first heap   total 196608K, used 81912K [0x00000000a0000000, 0x0000000100000000)
  region size 1024K, 59 young (60416K), 8 survivors (8192K)
 Metaspace       used 34885K, capacity 35632K, committed 35708K, reserved 1081344K
  class space    used 4524K, capacity 4799K, committed 4812K, reserved 1048576K
}
Event: 4.678 GC heap after
{Heap after GC invocations=8 (full 0):
 garbage-first heap   total 196608K, used 34453K [0x00000000a0000000, 0x0000000100000000)
  region size 1024K, 9 young (9216K), 9 survivors (9216K)
 Metaspace       used 34885K, capacity 35632K, committed 35708K, reserved 1081344K
  class space    used 4524K, capacity 4799K, committed 4812K, reserved 1048576K
}
Event: 5.814 GC heap before
{Heap before GC invocations=9 (full 0):
 garbage-first heap   total 196608K, used 118421K [0x00000000a0000000, 0x0000000100000000)
  region size 1024K, 81 young (82944K), 9 survivors (9216K)
 Metaspace       used 42214K, capacity 43297K, committed 43592K, reserved 1087488K
  class space    used 5328K, capacity 5707K, committed 5784K, reserved 1048576K
}
Event: 5.830 GC heap after
{Heap after GC invocations=10 (full 0):
 garbage-first heap   total 196608K, used 47836K [0x00000000a0000000, 0x0000000100000000)
  region size 1024K, 10 young (10240K), 10 survivors (10240K)
 Metaspace       used 42214K, capacity 43297K, committed 43592K, reserved 1087488K
  class space    used 5328K, capacity 5707K, committed 5784K, reserved 1048576K
}
Event: 6.898 GC heap before
{Heap before GC invocations=10 (full 0):
 garbage-first heap   total 196608K, used 125660K [0x00000000a0000000, 0x0000000100000000)
  region size 1024K, 86 young (88064K), 10 survivors (10240K)
 Metaspace       used 46759K, capacity 48031K, committed 48072K, reserved 1091584K
  class space    used 5991K, capacity 6406K, committed 6424K, reserved 1048576K
}
Event: 6.914 GC heap after
{Heap after GC invocations=11 (full 0):
 garbage-first heap   total 196608K, used 52976K [0x00000000a0000000, 0x0000000100000000)
  region size 1024K, 5 young (5120K), 5 survivors (5120K)
 Metaspace       used 46759K, capacity 48031K, committed 48072K, reserved 1091584K
  class space    used 5991K, capacity 6406K, committed 6424K, reserved 1048576K
}
Event: 8.121 GC heap before
{Heap before GC invocations=11 (full 0):
 garbage-first heap   total 196608K, used 136944K [0x00000000a0000000, 0x0000000100000000)
  region size 1024K, 85 young (87040K), 5 survivors (5120K)
 Metaspace       used 54993K, capacity 56595K, committed 56904K, reserved 1099776K
  class space    used 6993K, capacity 7507K, committed 7576K, reserved 1048576K
}
Event: 8.134 GC heap after
{Heap after GC invocations=12 (full 0):
 garbage-first heap   total 236544K, used 64152K [0x00000000a0000000, 0x0000000100000000)
  region size 1024K, 11 young (11264K), 11 survivors (11264K)
 Metaspace       used 54993K, capacity 56595K, committed 56904K, reserved 1099776K
  class space    used 6993K, capacity 7507K, committed 7576K, reserved 1048576K
}

