# JRE version: OpenJDK Runtime Environment (11.0.8+10) (build 11.0.8+10-b944.6842174)
# Java VM: OpenJDK 64-Bit Server VM (11.0.8+10-b944.6842174, mixed mode, tiered, compressed oops, g1 gc, windows-amd64)
Heap:
 garbage-first heap   total 236544K, used 70040K [0x00000000a0000000, 0x0000000100000000)
  region size 1024K, 4 young (4096K), 4 survivors (4096K)
 Metaspace       used 67075K, capacity 68893K, committed 68988K, reserved 1110016K
  class space    used 8344K, capacity 8930K, committed 8960K, reserved 1048576K
GC Heap History (20 events):
Event: 0.556 GC heap after
{Heap after GC invocations=1 (full 0):
 garbage-first heap   total 196608K, used 8484K [0x00000000a0000000, 0x0000000100000000)
  region size 1024K, 2 young (2048K), 2 survivors (2048K)
 Metaspace       used 7396K, capacity 7571K, committed 7680K, reserved 1056768K
  class space    used 666K, capacity 716K, committed 768K, reserved 1048576K
}
Event: 0.867 GC heap before
{Heap before GC invocations=1 (full 0):
 garbage-first heap   total 196608K, used 20772K [0x00000000a0000000, 0x0000000100000000)
  region size 1024K, 14 young (14336K), 2 survivors (2048K)
 Metaspace       used 10504K, capacity 10696K, committed 11008K, reserved 1058816K
  class space    used 1103K, capacity 1164K, committed 1280K, reserved 1048576K
}
Event: 0.870 GC heap after
{Heap after GC invocations=2 (full 0):
 garbage-first heap   total 196608K, used 9077K [0x00000000a0000000, 0x0000000100000000)
  region size 1024K, 1 young (1024K), 1 survivors (1024K)
 Metaspace       used 10504K, capacity 10696K, committed 11008K, reserved 1058816K
  class space    used 1103K, capacity 1164K, committed 1280K, reserved 1048576K
}
Event: 1.229 GC heap before
{Heap before GC invocations=2 (full 0):
 garbage-first heap   total 196608K, used 38773K [0x00000000a0000000, 0x0000000100000000)
  region size 1024K, 31 young (31744K), 1 survivors (1024K)
 Metaspace       used 10678K, capacity 10825K, committed 11008K, reserved 1058816K
  class space    used 1105K, capacity 1164K, committed 1280K, reserved 1048576K
}
Event: 1.233 GC heap after
{Heap after GC invocations=3 (full 0):
 garbage-first heap   total 196608K, used 13208K [0x00000000a0000000, 0x0000000100000000)
  region size 1024K, 4 young (4096K), 4 survivors (4096K)
 Metaspace       used 10678K, capacity 10825K, committed 11008K, reserved 1058816K
  class space    used 1105K, capacity 1164K, committed 1280K, reserved 1048576K
}
Event: 2.891 GC heap before
{Heap before GC invocations=3 (full 0):
 garbage-first heap   total 196608K, used 57240K [0x00000000a0000000, 0x0000000100000000)
  region size 1024K, 47 young (48128K), 4 survivors (4096K)
 Metaspace       used 19078K, capacity 19519K, committed 19712K, reserved 1067008K
  class space    used 2305K, capacity 2467K, committed 2560K, reserved 1048576K
}
Event: 2.898 GC heap after
{Heap after GC invocations=4 (full 0):
 garbage-first heap   total 196608K, used 16314K [0x00000000a0000000, 0x0000000100000000)
  region size 1024K, 3 young (3072K), 3 survivors (3072K)
 Metaspace       used 19078K, capacity 19519K, committed 19712K, reserved 1067008K
  class space    used 2305K, capacity 2467K, committed 2560K, reserved 1048576K
}
Event: 3.022 GC heap before
{Heap before GC invocations=4 (full 0):
 garbage-first heap   total 196608K, used 26554K [0x00000000a0000000, 0x0000000100000000)
  region size 1024K, 14 young (14336K), 3 survivors (3072K)
 Metaspace       used 20618K, capacity 21127K, committed 21296K, reserved 1069056K
  class space    used 2517K, capacity 2688K, committed 2688K, reserved 1048576K
}
Event: 3.027 GC heap after
{Heap after GC invocations=5 (full 0):
 garbage-first heap   total 196608K, used 16701K [0x00000000a0000000, 0x0000000100000000)
  region size 1024K, 4 young (4096K), 4 survivors (4096K)
 Metaspace       used 20618K, capacity 21127K, committed 21296K, reserved 1069056K
  class space    used 2517K, capacity 2688K, committed 2688K, reserved 1048576K
}
Event: 3.758 GC heap before
{Heap before GC invocations=6 (full 0):
 garbage-first heap   total 196608K, used 79165K [0x00000000a0000000, 0x0000000100000000)
  region size 1024K, 57 young (58368K), 4 survivors (4096K)
 Metaspace       used 26133K, capacity 26851K, committed 26928K, reserved 1073152K
  class space    used 3402K, capacity 3649K, committed 3712K, reserved 1048576K
}
Event: 3.766 GC heap after
{Heap after GC invocations=7 (full 0):
 garbage-first heap   total 196608K, used 30555K [0x00000000a0000000, 0x0000000100000000)
  region size 1024K, 8 young (8192K), 8 survivors (8192K)
 Metaspace       used 26133K, capacity 26851K, committed 26928K, reserved 1073152K
  class space    used 3402K, capacity 3649K, committed 3712K, reserved 1048576K
}
Event: 4.554 GC heap before
{Heap before GC invocations=7 (full 0):
 garbage-first heap   total 196608K, used 83803K [0x00000000a0000000, 0x0000000100000000)
  region size 1024K, 61 young (62464K), 8 survivors (8192K)
 Metaspace       used 34795K, capacity 35568K, committed 35708K, reserved 1081344K
  class space    used 4509K, capacity 4799K, committed 4864K, reserved 1048576K
}
Event: 4.567 GC heap after
{Heap after GC invocations=8 (full 0):
 garbage-first heap   total 196608K, used 34478K [0x00000000a0000000, 0x0000000100000000)
  region size 1024K, 9 young (9216K), 9 survivors (9216K)
 Metaspace       used 34795K, capacity 35568K, committed 35708K, reserved 1081344K
  class space    used 4509K, capacity 4799K, committed 4864K, reserved 1048576K
}
Event: 5.795 GC heap before
{Heap before GC invocations=9 (full 0):
 garbage-first heap   total 196608K, used 124590K [0x00000000a0000000, 0x0000000100000000)
  region size 1024K, 87 young (89088K), 9 survivors (9216K)
 Metaspace       used 42689K, capacity 43844K, committed 44156K, reserved 1087488K
  class space    used 5408K, capacity 5804K, committed 5888K, reserved 1048576K
}
Event: 5.817 GC heap after
{Heap after GC invocations=10 (full 0):
 garbage-first heap   total 196608K, used 48375K [0x00000000a0000000, 0x0000000100000000)
  region size 1024K, 11 young (11264K), 11 survivors (11264K)
 Metaspace       used 42689K, capacity 43844K, committed 44156K, reserved 1087488K
  class space    used 5408K, capacity 5804K, committed 5888K, reserved 1048576K
}
Event: 7.130 GC heap before
{Heap before GC invocations=10 (full 0):
 garbage-first heap   total 196608K, used 130295K [0x00000000a0000000, 0x0000000100000000)
  region size 1024K, 91 young (93184K), 11 survivors (11264K)
 Metaspace       used 51372K, capacity 52701K, committed 52860K, reserved 1095680K
  class space    used 6512K, capacity 6894K, committed 6912K, reserved 1048576K
}
Event: 7.148 GC heap after
{Heap after GC invocations=11 (full 0):
 garbage-first heap   total 196608K, used 54066K [0x00000000a0000000, 0x0000000100000000)
  region size 1024K, 6 young (6144K), 6 survivors (6144K)
 Metaspace       used 51372K, capacity 52701K, committed 52860K, reserved 1095680K
  class space    used 6512K, capacity 6894K, committed 6912K, reserved 1048576K
}
Event: 9.385 GC heap before
{Heap before GC invocations=11 (full 0):
 garbage-first heap   total 196608K, used 120626K [0x00000000a0000000, 0x0000000100000000)
  region size 1024K, 70 young (71680K), 6 survivors (6144K)
 Metaspace       used 58446K, capacity 59824K, committed 59900K, reserved 1101824K
  class space    used 7297K, capacity 7772K, committed 7808K, reserved 1048576K
}
Event: 9.403 GC heap after
{Heap after GC invocations=12 (full 0):
 garbage-first heap   total 196608K, used 65227K [0x00000000a0000000, 0x0000000100000000)
  region size 1024K, 11 young (11264K), 11 survivors (11264K)
 Metaspace       used 58446K, capacity 59824K, committed 59900K, reserved 1101824K
  class space    used 7297K, capacity 7772K, committed 7808K, reserved 1048576K
}
Event: 10.628 GC heap before
{Heap before GC invocations=13 (full 0):
 garbage-first heap   total 196608K, used 139979K [0x00000000a0000000, 0x0000000100000000)
  region size 1024K, 84 young (86016K), 11 survivors (11264K)
 Metaspace       used 67075K, capacity 68893K, committed 68988K, reserved 1110016K
  class space    used 8344K, capacity 8930K, committed 8960K, reserved 1048576K
}

